Arguments: 
  /home/chuksud/.nvm/versions/node/v10.19.0/bin/node /home/chuksud/.nvm/versions/node/v10.19.0/bin/yarn add openzeppelin/contracts@2.5.1

PATH: 
  /home/chuksud/.local/share/solana/install/active_release/bin:/home/chuksud/.cargo/bin:/home/chuksud/.nvm/versions/node/v10.19.0/bin:/usr/local/sbin:/usr/local/bin:/usr/sbin:/usr/bin:/sbin:/bin:/usr/games:/usr/local/games:/mnt/c/Program Files/PostgreSQL/13/bin:/mnt/c/Program Files/nodejs:/mnt/c/Program Files/Git/cmd:/mnt/c/Windows/System32:/mnt/c/WINDOWS/system32:/mnt/c/WINDOWS:/mnt/c/WINDOWS/System32/Wbem:/mnt/c/WINDOWS/System32/WindowsPowerShell/v1.0/:/mnt/c/WINDOWS/System32/OpenSSH/:/mnt/c/Program Files/nodejs/:/mnt/c/Users/chuks/.local/share/solana/install/active_release/bin:/mnt/c/Windows/System32:/mnt/c/Program Files/heroku/bin:/mnt/c/Users/chuks/AppData/Local/Programs/Microsoft VS Code/bin:/mnt/c/Users/chuks/AppData/Local/Microsoft/WindowsApps:/mnt/c/Users/chuks/AppData/Local/Programs/IPFS Desktop/resources/app.asar.unpacked/src/ipfs-on-path/scripts/bin-win:/mnt/c/Users/chuks/AppData/Roaming/npm:/snap/bin

Yarn version: 
  1.22.11

Node version: 
  10.19.0

Platform: 
  linux x64

Trace: 
  Error: https://registry.yarnpkg.com/openzeppelin%2fcontracts: Request "https://registry.yarnpkg.com/openzeppelin%2fcontracts" returned a 405
      at Request.params.callback [as _callback] (/home/chuksud/.nvm/versions/node/v10.19.0/lib/node_modules/yarn/lib/cli.js:67001:18)
      at Request.self.callback (/home/chuksud/.nvm/versions/node/v10.19.0/lib/node_modules/yarn/lib/cli.js:140763:22)
      at Request.emit (events.js:198:13)
      at Request.<anonymous> (/home/chuksud/.nvm/versions/node/v10.19.0/lib/node_modules/yarn/lib/cli.js:141735:10)
      at Request.emit (events.js:198:13)
      at IncomingMessage.<anonymous> (/home/chuksud/.nvm/versions/node/v10.19.0/lib/node_modules/yarn/lib/cli.js:141657:12)
      at Object.onceWrapper (events.js:286:20)
      at IncomingMessage.emit (events.js:203:15)
      at endReadableNT (_stream_readable.js:1145:12)
      at process._tickCallback (internal/process/next_tick.js:63:19)

npm manifest: 
  No manifest

yarn manifest: 
  No manifest

Lockfile: 
  # THIS IS AN AUTOGENERATED FILE. DO NOT EDIT THIS FILE DIRECTLY.
  # yarn lockfile v1
